d:\yulone\202001\accessazure103\x64\release\accessazure103.ipdb
d:\yulone\202001\accessazure103\x64\release\accessazure103.iobj
d:\yulone\202001\accessazure103\x64\release\depthengine_2_0.dll
d:\yulone\202001\accessazure103\x64\release\k4a.dll
d:\yulone\202001\accessazure103\x64\release\k4arecord.dll
d:\yulone\202001\accessazure103\x64\release\k4a.pdb
d:\yulone\202001\accessazure103\x64\release\k4arecord.pdb
d:\yulone\202001\accessazure103\x64\release\vc142.pdb
d:\yulone\202001\accessazure103\x64\release\csci8795.xdc
d:\yulone\202001\accessazure103\x64\release\csci8795.obj
d:\yulone\202001\accessazure103\x64\release\accessazure103.exe
d:\yulone\202001\accessazure103\x64\release\accessazure103.pdb
d:\yulone\202001\accessazure103\x64\release\accessazure103.xml
d:\yulone\202001\accessazure103\x64\release\accessazure103.tlog\accessazure103.read.1u.tlog
d:\yulone\202001\accessazure103\x64\release\accessazure103.tlog\accessazure103.write.1u.tlog
d:\yulone\202001\accessazure103\x64\release\accessazure103.tlog\cl.command.1.tlog
d:\yulone\202001\accessazure103\x64\release\accessazure103.tlog\cl.read.1.tlog
d:\yulone\202001\accessazure103\x64\release\accessazure103.tlog\cl.write.1.tlog
d:\yulone\202001\accessazure103\x64\release\accessazure103.tlog\link.command.1.tlog
d:\yulone\202001\accessazure103\x64\release\accessazure103.tlog\link.read.1.tlog
d:\yulone\202001\accessazure103\x64\release\accessazure103.tlog\link.write.1.tlog
d:\yulone\202001\accessazure103\x64\release\accessazure103.tlog\xdcmake.command.1.tlog
d:\yulone\202001\accessazure103\x64\release\accessazure103.tlog\xdcmake.read.1.tlog
d:\yulone\202001\accessazure103\x64\release\accessazure103.tlog\xdcmake.write.1.tlog
